2023-12-19 19:12:871 INFO  LoginPage :55 - Enter username Admin to User Name field Admin
2023-12-19 19:12:272 INFO  LoginPage :60 - Enter Password admin123 to Password field admin123
2023-12-19 19:12:448 INFO  LoginPage :65 - Click On Login Button
2023-12-19 19:12:552 INFO  LoginPage :77 - Click On Profile Logo
2023-12-19 19:12:922 INFO  LoginPage :55 - Enter username Admin to User Name field Admin
2023-12-19 19:12:278 INFO  LoginPage :60 - Enter Password admin123 to Password field admin123
2023-12-19 19:12:416 INFO  LoginPage :65 - Click On Login Button
2023-12-19 19:12:670 INFO  HomePage :24 - Click On Admin Tab
2023-12-19 19:12:602 INFO  LoginPage :55 - Enter username <username> to User Name field <username>
2023-12-19 19:12:981 INFO  LoginPage :60 - Enter Password admin123 to Password field admin123
2023-12-19 19:12:111 INFO  LoginPage :65 - Click On Login Button
2023-12-19 19:12:202 INFO  HomePage :24 - Click On Admin Tab
2023-12-19 19:12:940 INFO  LoginPage :55 - Enter username Admin to User Name field Admin
2023-12-19 19:12:290 INFO  LoginPage :60 - Enter Password admin123 to Password field admin123
2023-12-19 19:12:401 INFO  LoginPage :65 - Click On Login Button
2023-12-19 19:12:471 INFO  HomePage :24 - Click On Admin Tab
2023-12-19 19:12:112 INFO  LoginPage :55 - Enter username Admin to User Name field Admin
2023-12-19 19:12:413 INFO  LoginPage :60 - Enter Password admin123 to Password field admin123
2023-12-19 19:12:522 INFO  LoginPage :65 - Click On Login Button
2023-12-19 19:12:636 INFO  HomePage :24 - Click On Admin Tab
2023-12-19 19:12:403 INFO  LoginPage :55 - Enter username Admin to User Name field Admin
2023-12-19 19:12:731 INFO  LoginPage :60 - Enter Password admin123 to Password field admin123
2023-12-19 19:12:837 INFO  LoginPage :65 - Click On Login Button
2023-12-19 19:12:67 INFO  HomePage :24 - Click On Admin Tab
2023-12-19 19:12:735 INFO  LoginPage :55 - Enter username Admin to User Name field Admin
2023-12-19 19:12:61 INFO  LoginPage :60 - Enter Password admin123 to Password field admin123
2023-12-19 19:12:205 INFO  LoginPage :65 - Click On Login Button
2023-12-19 19:12:290 INFO  HomePage :24 - Click On Admin Tab
